0 info it worked if it ends with ok
1 verbose cli [ 'C:\\nodejs\\node.exe',
1 verbose cli   'C:\\nodejs\\node_modules\\npm\\bin\\npm-cli.js',
1 verbose cli   'run',
1 verbose cli   'build' ]
2 info using npm@4.1.2
3 info using node@v7.5.0
4 verbose run-script [ 'prebuild', 'build', 'postbuild' ]
5 info lifecycle firefly-front@0.0.0~prebuild: firefly-front@0.0.0
6 silly lifecycle firefly-front@0.0.0~prebuild: no script for prebuild, continuing
7 info lifecycle firefly-front@0.0.0~build: firefly-front@0.0.0
8 verbose lifecycle firefly-front@0.0.0~build: unsafe-perm in lifecycle true
9 verbose lifecycle firefly-front@0.0.0~build: PATH: C:\nodejs\node_modules\npm\bin\node-gyp-bin;C:\Users\celia\Development\projects\firefly\front\node_modules\.bin;C:\ProgramData\Oracle\Java\javapath;C:\Python27\;C:\Python27\Scripts;C:\Windows\system32;C:\Windows;C:\Windows\System32\Wbem;C:\Windows\System32\WindowsPowerShell\v1.0\;C:\Program Files (x86)\NVIDIA Corporation\PhysX\Common;C:\Program Files\Git\cmd;C:\Program Files\CMake\bin;C:\MinGW\bin;C:\WINDOWS\system32;C:\WINDOWS;C:\WINDOWS\System32\Wbem;C:\PostgreSQL\pg96\bin;C:\WebDrivers;C:\nodejs\;C:\Users\celia\AppData\Local\Microsoft\WindowsApps;C:/Boost/lib;C:\Users\celia\AppData\Roaming\npm;C:\Users\celia\Development\external\opencv-3.2.0-build\bin
10 verbose lifecycle firefly-front@0.0.0~build: CWD: C:\Users\celia\Development\projects\firefly\front
11 silly lifecycle firefly-front@0.0.0~build: Args: [ '/d /s /c',
11 silly lifecycle   'ng build && C:\\Users\\celia\\Development\\projects\\firefly\\server\\build\\debug\\bin\\FIREFLY_LAUNCHER.exe 8080 C:\\Users\\celia\\Development\\projects\\firefly\\front\\dist 5' ]
12 silly lifecycle firefly-front@0.0.0~build: Returned: code: 1  signal: null
13 info lifecycle firefly-front@0.0.0~build: Failed to exec build script
14 verbose stack Error: firefly-front@0.0.0 build: `ng build && C:\Users\celia\Development\projects\firefly\server\build\debug\bin\FIREFLY_LAUNCHER.exe 8080 C:\Users\celia\Development\projects\firefly\front\dist 5`
14 verbose stack Exit status 1
14 verbose stack     at EventEmitter.<anonymous> (C:\nodejs\node_modules\npm\lib\utils\lifecycle.js:279:16)
14 verbose stack     at emitTwo (events.js:106:13)
14 verbose stack     at EventEmitter.emit (events.js:192:7)
14 verbose stack     at ChildProcess.<anonymous> (C:\nodejs\node_modules\npm\lib\utils\spawn.js:40:14)
14 verbose stack     at emitTwo (events.js:106:13)
14 verbose stack     at ChildProcess.emit (events.js:192:7)
14 verbose stack     at maybeClose (internal/child_process.js:890:16)
14 verbose stack     at Process.ChildProcess._handle.onexit (internal/child_process.js:226:5)
15 verbose pkgid firefly-front@0.0.0
16 verbose cwd C:\Users\celia\Development\projects\firefly\front
17 error Windows_NT 10.0.14393
18 error argv "C:\\nodejs\\node.exe" "C:\\nodejs\\node_modules\\npm\\bin\\npm-cli.js" "run" "build"
19 error node v7.5.0
20 error npm  v4.1.2
21 error code ELIFECYCLE
22 error firefly-front@0.0.0 build: `ng build && C:\Users\celia\Development\projects\firefly\server\build\debug\bin\FIREFLY_LAUNCHER.exe 8080 C:\Users\celia\Development\projects\firefly\front\dist 5`
22 error Exit status 1
23 error Failed at the firefly-front@0.0.0 build script 'ng build && C:\Users\celia\Development\projects\firefly\server\build\debug\bin\FIREFLY_LAUNCHER.exe 8080 C:\Users\celia\Development\projects\firefly\front\dist 5'.
23 error Make sure you have the latest version of node.js and npm installed.
23 error If you do, this is most likely a problem with the firefly-front package,
23 error not with npm itself.
23 error Tell the author that this fails on your system:
23 error     ng build && C:\Users\celia\Development\projects\firefly\server\build\debug\bin\FIREFLY_LAUNCHER.exe 8080 C:\Users\celia\Development\projects\firefly\front\dist 5
23 error You can get information on how to open an issue for this project with:
23 error     npm bugs firefly-front
23 error Or if that isn't available, you can get their info via:
23 error     npm owner ls firefly-front
23 error There is likely additional logging output above.
24 verbose exit [ 1, true ]
